Running pplacer v1.1.alpha19-0-g807f6f3 analysis on checkm_lineage_wf/storage/tree/concatenated.fasta...
Didn't find any reference sequences in given alignment file. Using supplied reference alignment.
Pre-masking sequences... sequence length cut from 6988 to 6853.
Warning: pplacer results make the most sense when the given tree is multifurcating at the root. See manual for details.
Determining figs... figs disabled.
Allocating memory for internal nodes... done.
Caching likelihood information on reference tree... done.
Pulling exponents... done.
Preparing the edges for baseball... done.
working on Binsanity_7 (1/22)...
working on Binsanity_6 (2/22)...
working on Binsanity_26 (3/22)...
working on Binsanity_10 (4/22)...
working on Binsanity_25 (5/22)...
working on Binsanity_4 (6/22)...
working on Binsanity_29 (7/22)...
working on Binsanity_13 (8/22)...
working on Binsanity_8 (9/22)...
working on Binsanity_31 (10/22)...
working on Binsanity_33 (11/22)...
working on Binsanity_24 (12/22)...
working on Binsanity_32 (13/22)...
working on Binsanity_30 (14/22)...
working on Binsanity_17 (15/22)...
working on Binsanity_0 (16/22)...
working on Binsanity_19 (17/22)...
working on Binsanity_15 (18/22)...
working on Binsanity_1 (19/22)...
working on Binsanity_27 (20/22)...
working on Binsanity_22 (21/22)...
working on Binsanity_16 (22/22)...
