Running pplacer v1.1.alpha19-0-g807f6f3 analysis on checkm_lineageWF/storage/tree/concatenated.fasta...
Didn't find any reference sequences in given alignment file. Using supplied reference alignment.
Pre-masking sequences... sequence length cut from 6988 to 6848.
Warning: pplacer results make the most sense when the given tree is multifurcating at the root. See manual for details.
Determining figs... figs disabled.
Allocating memory for internal nodes... done.
Caching likelihood information on reference tree... done.
Pulling exponents... done.
Preparing the edges for baseball... done.
working on low_completion-refined_3 (1/20)...
working on low_completion-refined_20 (2/20)...
working on igm_Bin-11 (3/20)...
working on low_completion-refined_12 (4/20)...
working on low_completion-refined_0 (5/20)...
working on igm_Bin-36 (6/20)...
working on low_completion-refined_4 (7/20)...
working on low_completion-refined_9 (8/20)...
working on low_completion-refined_10 (9/20)...
working on low_completion-refined_2 (10/20)...
working on igm_Bin-18 (11/20)...
working on igm_Bin-38 (12/20)...
working on igm_Bin-26 (13/20)...
working on igm_Bin-12-refined_0 (14/20)...
working on igm_Bin-25 (15/20)...
working on low_completion-refined_7 (16/20)...
working on igm_Bin-32 (17/20)...
working on igm_Bin-12-refined_1 (18/20)...
working on igm_Bin-8-refined_0 (19/20)...
working on low_completion-refined_16 (20/20)...
