
        ******************************************************
        **********************BinSanity***********************
        |____________________________________________________|
        |                                                    |
        |             Computing Coverage Array               |
        |____________________________________________________|
        
          Preference: -3
          Maximum Iterations: 4000
          Convergence Iterations: 400
          Contig Cut-Off: 1000
          Damping Factor: 0.95
          Coverage File: Infant_gut_assembly.cov.x100.lognorm
          Fasta File: igm.fa
          Output Directory: BinsanityWF
          (4189, 11)

         ______________________________________________________
        |                                                      |
        |                 Clustering Contigs                   |
        |______________________________________________________|

        
          Cluster 0: 4
          Cluster 18: 15
          Cluster 33: 22
          Cluster 2: 25
          Cluster 1: 11
          Cluster 3: 3
          Cluster 4: 7
          Cluster 5: 24
          Cluster 39: 25
          Cluster 29: 20
          Cluster 31: 23
          Cluster 7: 19
          Cluster 6: 17
          Cluster 8: 332
          Cluster 9: 294
          Cluster 22: 7
          Cluster 10: 18
          Cluster 19: 208
          Cluster 11: 256
          Cluster 12: 570
          Cluster 21: 71
          Cluster 15: 258
          Cluster 13: 3
          Cluster 14: 4
          Cluster 16: 413
          Cluster 17: 504
          Cluster 20: 158
          Cluster 23: 494
          Cluster 25: 71
          Cluster 24: 4
          Cluster 26: 63
          Cluster 30: 16
          Cluster 27: 34
          Cluster 28: 1
          Cluster 32: 20
          Cluster 34: 19
          Cluster 35: 43
          Cluster 36: 24
          Cluster 37: 3
          Cluster 38: 86
          Total Number of Bins: 33

         *|*|*|*|*|*|*|*|*|*|*|*|*|*|*|*|*|*|*|*|*|*|*|*|*|*|*
         _____________________________________________________
        |                                                     |
        |                   Creating Bins                     |
        |_____________________________________________________|
        

         _____________________________________________________

                       Putative Bins Computed
                       in 325.86454939842224 seconds
         _____________________________________________________

         _____________________________________________________
        |                                                     |
        |       Evaluating Genome With CheckM Lineage_wf      |
        |_____________________________________________________|
        

        *|*|*|*|*|*|*|*|*|*|*|*|*|*|*|*|*|*|*|*|*|*|*|*|*|*|*
         _____________________________________________________
        |                                                     |
        |                Refining Inital Bins                 |
        |_____________________________________________________|

                 ______________________________________________________

                              Calculating GC content for
                              redundant bin igm_Bin-12.fna
                 ______________________________________________________
          GC content calculated in 0.12133121490478516 seconds

                 ______________________________________________________

                           Calculating 4mer frequencies for
                           redundant bin igm_Bin-12.fna
                 ______________________________________________________
          4mer frequency calculated in 76.55980801582336 seconds

                ______________________________________________________

                          Creating Profile for
                              redundant bin igm_Bin-12.fna
                ______________________________________________________
          Combined profile created in 2.297107696533203 seconds

                 ______________________________________________________

                    Reclustering redundant bin igm_Bin-12.fna
                 ______________________________________________________
          Preference: -25
          Maximum Iterations: 4000
          Convergence Iterations: 400
          Contig Cut-Off: 1000
          Damping Factor: 0.95
          Coverage File: Infant_gut_assembly.cov.x100.lognorm
          Fasta File: igm_Bin-12.fna
          Kmer: 4
          (570, 268)
Cluster 0: 146
Cluster 1: 424
Total Number of Bins: 2

                  ______________________________________________________

                            Ammended Bins Computed in 10.204074621200562 seconds
                  ______________________________________________________

                 ______________________________________________________

                              Calculating GC content for
                              redundant bin igm_Bin-8.fna
                 ______________________________________________________
          GC content calculated in 0.22259140014648438 seconds

                 ______________________________________________________

                           Calculating 4mer frequencies for
                           redundant bin igm_Bin-8.fna
                 ______________________________________________________
          4mer frequency calculated in 499.95683765411377 seconds

                ______________________________________________________

                          Creating Profile for
                              redundant bin igm_Bin-8.fna
                ______________________________________________________
          Combined profile created in 1.4616601467132568 seconds

                 ______________________________________________________

                    Reclustering redundant bin igm_Bin-8.fna
                 ______________________________________________________
          Preference: -25
          Maximum Iterations: 4000
          Convergence Iterations: 400
          Contig Cut-Off: 1000
          Damping Factor: 0.95
          Coverage File: Infant_gut_assembly.cov.x100.lognorm
          Fasta File: igm_Bin-8.fna
          Kmer: 4
          (332, 268)
Cluster 0: 324
Cluster 1: 8
Total Number of Bins: 2

                  ______________________________________________________

                            Ammended Bins Computed in 2.5940966606140137 seconds
                  ______________________________________________________

                 ______________________________________________________

                              Calculating GC content for
                              redundant bin low_completion.fna
                 ______________________________________________________
          GC content calculated in 0.6492743492126465 seconds

                 ______________________________________________________

                           Calculating 4mer frequencies for
                           redundant bin low_completion.fna
                 ______________________________________________________
          4mer frequency calculated in 452.3540041446686 seconds

                ______________________________________________________

                          Creating Profile for
                              redundant bin low_completion.fna
                ______________________________________________________
          Combined profile created in 4.946312189102173 seconds

                 ______________________________________________________

                    Reclustering redundant bin low_completion.fna
                 ______________________________________________________
          Preference: -25
          Maximum Iterations: 4000
          Convergence Iterations: 400
          Contig Cut-Off: 1000
          Damping Factor: 0.95
          Coverage File: Infant_gut_assembly.cov.x100.lognorm
          Fasta File: low_completion.fna
          Kmer: 4
          (2730, 268)
Cluster 14: 38
Cluster 16: 278
Cluster 3: 133
Cluster 17: 91
Cluster 2: 138
Cluster 0: 255
Cluster 1: 221
Cluster 9: 177
Cluster 13: 152
Cluster 5: 110
Cluster 12: 210
Cluster 7: 168
Cluster 4: 240
Cluster 6: 102
Cluster 8: 9
Cluster 11: 6
Cluster 10: 151
Cluster 15: 48
Cluster 20: 64
Cluster 19: 49
Cluster 21: 49
Cluster 18: 41
Total Number of Bins: 22

                  ______________________________________________________

                            Ammended Bins Computed in 220.8968141078949 seconds
                  ______________________________________________________
