Running pplacer v1.1.alpha19-0-g807f6f3 analysis on checkm_lineageWF/storage/tree/concatenated.fasta...
Didn't find any reference sequences in given alignment file. Using supplied reference alignment.
Pre-masking sequences... sequence length cut from 6988 to 6766.
Warning: pplacer results make the most sense when the given tree is multifurcating at the root. See manual for details.
Determining figs... figs disabled.
Allocating memory for internal nodes... done.
Caching likelihood information on reference tree... done.
Pulling exponents... done.
Preparing the edges for baseball... done.
working on BinSanityLC-kmean-bin_45-bin_0 (1/22)...
working on low_completion-refined_7 (2/22)...
working on low_completion-refined_17 (3/22)...
working on BinSanityLC-kmean-bin_6-bin_0 (4/22)...
working on low_completion-refined_6 (5/22)...
working on low_completion-refined_23 (6/22)...
working on BinSanityLC-kmean-bin_4-bin_0 (7/22)...
working on BinSanityLC-kmean-bin_94-bin_0-refined_0 (8/22)...
working on low_completion-refined_10 (9/22)...
working on low_completion-refined_15 (10/22)...
working on low_completion-refined_11 (11/22)...
working on BinSanityLC-kmean-bin_8-bin_0 (12/22)...
working on BinSanityLC-kmean-bin_10-bin_0 (13/22)...
working on BinSanityLC-kmean-bin_18-bin_0 (14/22)...
working on BinSanityLC-kmean-bin_5-bin_0 (15/22)...
working on low_completion-refined_4 (16/22)...
working on low_completion-refined_12 (17/22)...
working on low_completion-refined_16 (18/22)...
working on low_completion-refined_9 (19/22)...
working on low_completion-refined_3 (20/22)...
working on low_completion-refined_18 (21/22)...
working on low_completion-refined_5 (22/22)...
